<?xml version="1.0" encoding="UTF-8"?>
<!-- Generated by org.testng.reporters.JUnitReportReporter -->
<testsuite hostname="LAPTOP-7DJ18U3D" failures="0" tests="7" name="testrunners.MyTestRunnerTestng" time="795.721" errors="0" timestamp="17 Oct 2022 06:27:28 GMT" skipped="0">
  <testcase classname="testrunners.MyTestRunnerTestng" name="runScenario" time="136.135"/>
  <testcase classname="testrunners.MyTestRunnerTestng" name="runScenario" time="125.088"/>
  <testcase classname="testrunners.MyTestRunnerTestng" name="runScenario" time="128.863"/>
  <testcase classname="testrunners.MyTestRunnerTestng" name="runScenario" time="69.739"/>
  <testcase classname="testrunners.MyTestRunnerTestng" name="runScenario" time="130.786"/>
  <testcase classname="testrunners.MyTestRunnerTestng" name="runScenario" time="134.651"/>
  <testcase classname="testrunners.MyTestRunnerTestng" name="runScenario" time="70.459"/>
</testsuite> <!-- testrunners.MyTestRunnerTestng -->
